C:\Program Files (x86)\Microsoft Visual Studio\2019\Community\MSBuild\Microsoft\VC\v160\Microsoft.CppBuild.targets(491,5): warning MSB8028: 중간 디렉터리(x64\Release\)에 다른 프로젝트(Phase_Unwrapping.vcxproj)에서 공유하는 파일이 포함되어 있습니다.  이로 인해 잘못된 정리 및 다시 빌드 동작이 수행될 수 있습니다.
  main.cpp
C:\git\feature_points_estimation\sub_module.h(20,21): warning C4305: '초기화 중': 'double'에서 'float'(으)로 잘립니다.
C:\git\feature_points_estimation\sub_module.h(43,12): warning C4305: '초기화 중': 'long'에서 'float'(으)로 잘립니다.
C:\git\feature_points_estimation\main.cpp(226,35): warning C4305: '=': 'double'에서 'float'(으)로 잘립니다.
C:\git\feature_points_estimation\main.cpp(260,42): warning C4474: 'sprintf_s' : 서식 문자열에 전달된 인수가 너무 많습니다.
C:\git\feature_points_estimation\main.cpp(260,42): message : 자리 표시자 및 해당 매개 변수에는 variadic 인수가 1개 필요하지만 2개가 제공되었습니다.
C:\git\feature_points_estimation\main.cpp(274,36): warning C4244: '+=': 'double'에서 'float'(으)로 변환하면서 데이터가 손실될 수 있습니다.
C:\git\feature_points_estimation\main.cpp(309,26): warning C4244: '=': 'double'에서 'float'(으)로 변환하면서 데이터가 손실될 수 있습니다.
C:\git\feature_points_estimation\main.cpp(311,60): warning C4244: '=': 'double'에서 'float'(으)로 변환하면서 데이터가 손실될 수 있습니다.
C:\git\feature_points_estimation\main.cpp(407,82): warning C4244: '인수': '_Tp'에서 '_Tp'(으)로 변환하면서 데이터가 손실될 수 있습니다.
          with
          [
              _Tp=float
          ]
          and
          [
              _Tp=int
          ]
C:\git\feature_points_estimation\main.cpp(406,87): warning C4244: '인수': '_Tp'에서 '_Tp'(으)로 변환하면서 데이터가 손실될 수 있습니다.
          with
          [
              _Tp=float
          ]
          and
          [
              _Tp=int
          ]
C:\git\feature_points_estimation\main.cpp(433,9): warning C4129: 'E': 문자 이스케이프 시퀀스를 인식할 수 없습니다.
C:\git\feature_points_estimation\main.cpp(433,9): warning C4129: ' ': 문자 이스케이프 시퀀스를 인식할 수 없습니다.
C:\git\feature_points_estimation\main.cpp(249,19): warning C4996: 'fopen': This function or variable may be unsafe. Consider using fopen_s instead. To disable deprecation, use _CRT_SECURE_NO_WARNINGS. See online help for details.
C:\git\feature_points_estimation\main.cpp(251,24): warning C4996: 'fopen': This function or variable may be unsafe. Consider using fopen_s instead. To disable deprecation, use _CRT_SECURE_NO_WARNINGS. See online help for details.
C:\git\feature_points_estimation\main.cpp(293,13): warning C4996: 'fopen': This function or variable may be unsafe. Consider using fopen_s instead. To disable deprecation, use _CRT_SECURE_NO_WARNINGS. See online help for details.
C:\git\feature_points_estimation\main.cpp(224,7): warning C4101: 'frame_name' :참조되지 않은 지역 변수입니다.
  sub_module.cpp
C:\git\feature_points_estimation\sub_module.h(20,21): warning C4305: '초기화 중': 'double'에서 'float'(으)로 잘립니다.
C:\git\feature_points_estimation\sub_module.h(43,12): warning C4305: '초기화 중': 'long'에서 'float'(으)로 잘립니다.
C:\git\feature_points_estimation\sub_module.cpp(30,9): warning C4477: 'printf' : 서식 문자열 '%d'에 'int' 형식의 인수가 필요하지만 variadic 인수 1의 형식이 'unsigned __int64'입니다.
C:\git\feature_points_estimation\sub_module.cpp(30,9): message : 서식 문자열에서 '%zd'을(를) 사용하는 것이 좋습니다.
C:\git\feature_points_estimation\sub_module.cpp(68,9): warning C4477: 'printf' : 서식 문자열 '%d'에 'int' 형식의 인수가 필요하지만 variadic 인수 1의 형식이 'unsigned __int64'입니다.
C:\git\feature_points_estimation\sub_module.cpp(68,9): message : 서식 문자열에서 '%zd'을(를) 사용하는 것이 좋습니다.
C:\git\feature_points_estimation\sub_module.cpp(108,28): warning C4267: '초기화 중': 'size_t'에서 'int'(으)로 변환하면서 데이터가 손실될 수 있습니다.
C:\git\feature_points_estimation\sub_module.cpp(139,10): warning C4477: 'printf' : 서식 문자열 '%d'에 'int' 형식의 인수가 필요하지만 variadic 인수 2의 형식이 'unsigned __int64'입니다.
C:\git\feature_points_estimation\sub_module.cpp(139,10): message : 서식 문자열에서 '%zd'을(를) 사용하는 것이 좋습니다.
C:\git\feature_points_estimation\sub_module.cpp(139,10): warning C4477: 'printf' : 서식 문자열 '%d'에 'int' 형식의 인수가 필요하지만 variadic 인수 3의 형식이 'unsigned __int64'입니다.
C:\git\feature_points_estimation\sub_module.cpp(139,10): message : 서식 문자열에서 '%zd'을(를) 사용하는 것이 좋습니다.
C:\git\feature_points_estimation\sub_module.cpp(139,10): warning C4477: 'printf' : 서식 문자열 '%d'에 'int' 형식의 인수가 필요하지만 variadic 인수 4의 형식이 'unsigned __int64'입니다.
C:\git\feature_points_estimation\sub_module.cpp(139,10): message : 서식 문자열에서 '%zd'을(를) 사용하는 것이 좋습니다.
C:\git\feature_points_estimation\sub_module.cpp(169,28): warning C4267: '초기화 중': 'size_t'에서 'int'(으)로 변환하면서 데이터가 손실될 수 있습니다.
C:\git\feature_points_estimation\sub_module.cpp(180,11): warning C4477: 'printf' : 서식 문자열 '%d'에 'int' 형식의 인수가 필요하지만 variadic 인수 2의 형식이 'unsigned __int64'입니다.
C:\git\feature_points_estimation\sub_module.cpp(180,11): message : 서식 문자열에서 '%zd'을(를) 사용하는 것이 좋습니다.
C:\git\feature_points_estimation\sub_module.cpp(224,10): warning C4477: 'printf' : 서식 문자열 '%s'에 'char *' 형식의 인수가 필요하지만 variadic 인수 1의 형식이 'std::string'입니다.
C:\git\feature_points_estimation\sub_module.cpp(224,10): warning C4477: 'printf' : 서식 문자열 '%d'에 'int' 형식의 인수가 필요하지만 variadic 인수 2의 형식이 'unsigned __int64'입니다.
C:\git\feature_points_estimation\sub_module.cpp(224,10): message : 서식 문자열에서 '%zd'을(를) 사용하는 것이 좋습니다.
C:\git\feature_points_estimation\sub_module.cpp(240,10): warning C4477: 'printf' : 서식 문자열 '%d'에 'int' 형식의 인수가 필요하지만 variadic 인수 1의 형식이 'unsigned __int64'입니다.
C:\git\feature_points_estimation\sub_module.cpp(240,10): message : 서식 문자열에서 '%zd'을(를) 사용하는 것이 좋습니다.
C:\git\feature_points_estimation\sub_module.cpp(244,32): warning C4267: 'return': 'size_t'에서 'int'(으)로 변환하면서 데이터가 손실될 수 있습니다.
C:\git\feature_points_estimation\sub_module.cpp(271,10): warning C4477: 'printf' : 서식 문자열 '%s'에 'char *' 형식의 인수가 필요하지만 variadic 인수 1의 형식이 'std::string'입니다.
C:\git\feature_points_estimation\sub_module.cpp(289,50): warning C4244: '인수': 'double'에서 '_Ty'(으)로 변환하면서 데이터가 손실될 수 있습니다.
          with
          [
              _Ty=float
          ]
C:\git\feature_points_estimation\sub_module.cpp(348,10): warning C4477: 'printf' : 서식 문자열 '%s'에 'char *' 형식의 인수가 필요하지만 variadic 인수 1의 형식이 'std::string'입니다.
  util.cpp
C:\git\feature_points_estimation\sub_module.h(20,21): warning C4305: '초기화 중': 'double'에서 'float'(으)로 잘립니다.
C:\git\feature_points_estimation\sub_module.h(43,12): warning C4305: '초기화 중': 'long'에서 'float'(으)로 잘립니다.
C:\git\feature_points_estimation\util.cpp(33,21): warning C4244: '=': 'double'에서 'float'(으)로 변환하면서 데이터가 손실될 수 있습니다.
  코드를 생성하고 있습니다.
  Previous IPDB not found, fall back to full compilation.
C:\git\feature_points_estimation\sub_module.cpp(204): warning C4715: 'save_all_descriptor_gray': 모든 제어 경로에서 값을 반환하지는 않습니다.
  All 814 functions were compiled because no usable IPDB/IOBJ from previous compilation was found.
  코드를 생성했습니다.
  Feature_points_estimation.vcxproj -> C:\git\feature_points_estimation\x64\Release\feature_points_estimation.exe
